<?xml version="1.0" encoding="UTF-8"?>
<testng-results total="1" passed="1" failed="0" skipped="0">
  <reporter-output>
  </reporter-output>
  <suite started-at="2022-01-21T14:36:42Z" name="First" finished-at="2022-01-21T14:37:18Z" duration-ms="36600">
    <groups>
    </groups>
    <test started-at="2022-01-21T14:36:42Z" name="FirstTest" finished-at="2022-01-21T14:37:18Z" duration-ms="36600">
      <class name="com.browserstack.run_first_test.FirstTest">
        <test-method is-config="true" signature="setUp()[pri:0, instance:com.browserstack.run_first_test.FirstTest@768b970c]" started-at="2022-01-21T20:06:42Z" name="setUp" finished-at="2022-01-21T20:07:05Z" duration-ms="23640" status="PASS">
          <reporter-output>
          </reporter-output>
        </test-method> <!-- setUp -->
        <test-method signature="test()[pri:0, instance:com.browserstack.run_first_test.FirstTest@768b970c]" started-at="2022-01-21T20:07:05Z" name="test" finished-at="2022-01-21T20:07:16Z" duration-ms="10591" status="PASS">
          <reporter-output>
          </reporter-output>
        </test-method> <!-- test -->
        <test-method is-config="true" signature="tearDown()[pri:0, instance:com.browserstack.run_first_test.FirstTest@768b970c]" started-at="2022-01-21T20:07:16Z" name="tearDown" finished-at="2022-01-21T20:07:18Z" duration-ms="2364" status="PASS">
          <reporter-output>
          </reporter-output>
        </test-method> <!-- tearDown -->
      </class> <!-- com.browserstack.run_first_test.FirstTest -->
    </test> <!-- FirstTest -->
  </suite> <!-- First -->
</testng-results>
